<?xml version="1.0" encoding="UTF-8"?>
<!-- Generated by org.testng.reporters.JUnitReportReporter -->
<testsuite skipped="0" hostname="DESKTOP-T58FSLV" name="orangehrm1.InvalidLoginTest" tests="3" failures="0" timestamp="04 Dec 2018 16:21:26 GMT" time="18.392" errors="0">
  <testcase name="InValidLogin1" time="6.373" classname="orangehrm1.InvalidLoginTest"/>
  <testcase name="UserNameEmpty" time="5.799" classname="orangehrm1.InvalidLoginTest"/>
  <testcase name="PasswordEmpty" time="6.220" classname="orangehrm1.InvalidLoginTest"/>
</testsuite> <!-- orangehrm1.InvalidLoginTest -->
