<?xml version="1.0" encoding="UTF-8"?>
<!-- Generated by org.testng.reporters.JUnitReportReporter -->
<testsuite skipped="0" hostname="DESKTOP-T58FSLV" name="orangehrm1.ValidLoginTest" tests="1" failures="0" timestamp="04 Dec 2018 16:21:26 GMT" time="8.871" errors="0">
  <testcase name="ValidLogin" time="8.871" classname="orangehrm1.ValidLoginTest"/>
</testsuite> <!-- orangehrm1.ValidLoginTest -->
