<?xml version="1.0" encoding="UTF-8"?>
<!-- Generated by org.testng.reporters.JUnitReportReporter -->
<testsuite skipped="0" hostname="DESKTOP-T58FSLV" name="com.anass.orangehrm.tests.NewTestdata" tests="3" failures="0" timestamp="21 Nov 2018 04:41:42 GMT" time="41.340" errors="0">
  <testcase name="ValidLogin1" time="11.464" classname="com.anass.orangehrm.tests.NewTestdata"/>
  <testcase name="ValidLogin1" time="17.567" classname="com.anass.orangehrm.tests.NewTestdata"/>
  <testcase name="ValidLogin1" time="12.309" classname="com.anass.orangehrm.tests.NewTestdata"/>
</testsuite> <!-- com.anass.orangehrm.tests.NewTestdata -->
