<?xml version="1.0" encoding="UTF-8"?>
<!-- Generated by org.testng.reporters.JUnitReportReporter -->
<testsuite skipped="0" hostname="DESKTOP-T58FSLV" name="com.anass.orangehrm.tests.NewTestdata1" tests="6" failures="0" timestamp="21 Nov 2018 05:04:16 GMT" time="74.177" errors="0">
  <testcase name="ValidLogin" time="14.889" classname="com.anass.orangehrm.tests.NewTestdata1"/>
  <testcase name="ValidLogin" time="12.054" classname="com.anass.orangehrm.tests.NewTestdata1"/>
  <testcase name="InValidLogin1" time="11.315" classname="com.anass.orangehrm.tests.NewTestdata1"/>
  <testcase name="ValidLogin" time="12.219" classname="com.anass.orangehrm.tests.NewTestdata1"/>
  <testcase name="InValidLogin1" time="12.348" classname="com.anass.orangehrm.tests.NewTestdata1"/>
  <testcase name="InValidLogin1" time="11.352" classname="com.anass.orangehrm.tests.NewTestdata1"/>
</testsuite> <!-- com.anass.orangehrm.tests.NewTestdata1 -->
