<?xml version="1.0" encoding="UTF-8"?>
<!-- Generated by org.testng.reporters.JUnitReportReporter -->
<testsuite skipped="0" hostname="DESKTOP-T58FSLV" name="com.anass.orangehrm.tests.NewTest3" tests="2" failures="0" timestamp="21 Nov 2018 00:43:35 GMT" time="44.258" errors="0">
  <testcase name="validlogin" time="21.106" classname="com.anass.orangehrm.tests.NewTest3"/>
  <testcase name="login1" time="23.152" classname="com.anass.orangehrm.tests.NewTest3"/>
</testsuite> <!-- com.anass.orangehrm.tests.NewTest3 -->
